library paths:
... C:/Users/Caitie Mayo/Desktop/Monthly_Reporting/dist/R-Portable/App/R-Portable/library
Loading required package: shiny

Listening on http://127.0.0.1:7172
Browser path: C:/Users/Caitie Mayo/Desktop/Monthly_Reporting/dist/GoogleChromePortable/App/Chrome-bin/chrome.exe
Opening in existing browser session.
Warning: package 'pacman' was built under R version 4.2.3
Warning: unable to access index for repository http://www.stats.ox.ac.uk/pub/RWin/bin/windows/contrib/4.2:
  cannot open URL 'http://www.stats.ox.ac.uk/pub/RWin/bin/windows/contrib/4.2/PACKAGES'
trying URL 'http://cran.rstudio.com/bin/windows/contrib/4.2/bsicons_0.1.2.zip'
Content type 'application/zip' length 258298 bytes (252 KB)
==================================================
downloaded 252 KB

package 'bsicons' successfully unpacked and MD5 sums checked

The downloaded binary packages are in
	C:\Users\Caitie Mayo\AppData\Local\Temp\RtmpSyO0F9\downloaded_packages

bsicons installed
Warning: package 'bsicons' was built under R version 4.2.3
also installing the dependencies 'colorspace', 'sys', 'bit', 'ps', 'farver', 'labeling', 'munsell', 'RColorBrewer', 'viridisLite', 'rematch', 'askpass', 'bit64', 'prettyunits', 'processx', 'evaluate', 'highr', 'xfun', 'yaml', 'tinytex', 'backports', 'generics', 'blob', 'DBI', 'tidyselect', 'vctrs', 'data.table', 'gtable', 'isoband', 'scales', 'gargle', 'uuid', 'cellranger', 'curl', 'ids', 'rematch2', 'cpp11', 'pkgconfig', 'openssl', 'timechange', 'fansi', 'utf8', 'systemfonts', 'textshaping', 'clipr', 'vroom', 'tzdb', 'progress', 'callr', 'knitr', 'rmarkdown', 'selectr', 'stringi', 'broom', 'conflicted', 'dbplyr', 'dplyr', 'dtplyr', 'forcats', 'ggplot2', 'googledrive', 'googlesheets4', 'haven', 'hms', 'httr', 'lubridate', 'modelr', 'pillar', 'purrr', 'ragg', 'readr', 'readxl', 'reprex', 'rstudioapi', 'rvest', 'stringr', 'tibble', 'tidyr', 'xml2'

Warning: unable to access index for repository http://www.stats.ox.ac.uk/pub/RWin/bin/windows/contrib/4.2:
  cannot open URL 'http://www.stats.ox.ac.uk/pub/RWin/bin/windows/contrib/4.2/PACKAGES'

  There are binary versions available but the source versions are later:
            binary source needs_compilation
colorspace   2.1-0  2.1-1              TRUE
sys          3.4.2  3.4.3              TRUE
bit          4.0.5  4.5.0              TRUE
ps           1.7.6  1.8.1              TRUE
farver       2.1.1  2.1.2              TRUE
askpass      1.2.0  1.2.1              TRUE
bit64        4.0.5  4.5.2              TRUE
evaluate      0.23  1.0.1             FALSE
highr         0.10   0.11             FALSE
xfun          0.43   0.49              TRUE
yaml         2.3.8 2.3.10              TRUE
tinytex       0.50   0.54             FALSE
backports    1.4.1  1.5.0              TRUE
DBI          1.2.2  1.2.3             FALSE
data.table  1.15.4 1.16.2              TRUE
gtable       0.3.5  0.3.6             FALSE
uuid         1.2-0  1.2-1              TRUE
curl         5.2.1  6.0.0              TRUE
cpp11        0.4.7  0.5.0             FALSE
openssl      2.1.2  2.2.2              TRUE
systemfonts  1.0.6  1.1.0              TRUE
textshaping  0.3.7  0.4.0              TRUE
knitr         1.46   1.49             FALSE
rmarkdown     2.26   2.29             FALSE
stringi      1.8.3  1.8.4              TRUE
broom        1.0.5  1.0.7             FALSE
ragg         1.3.0  1.3.3              TRUE
reprex       2.1.0  2.1.1             FALSE
rstudioapi  0.16.0 0.17.1             FALSE

  Binaries will be installed
trying URL 'http://cran.rstudio.com/bin/windows/contrib/4.2/colorspace_2.1-0.zip'
Content type 'application/zip' length 2628766 bytes (2.5 MB)
==================================================
downloaded 2.5 MB

trying URL 'http://cran.rstudio.com/bin/windows/contrib/4.2/sys_3.4.2.zip'
Content type 'application/zip' length 46854 bytes (45 KB)
==================================================
downloaded 45 KB

trying URL 'http://cran.rstudio.com/bin/windows/contrib/4.2/bit_4.0.5.zip'
Content type 'application/zip' length 1131220 bytes (1.1 MB)
==================================================
downloaded 1.1 MB

trying URL 'http://cran.rstudio.com/bin/windows/contrib/4.2/ps_1.7.6.zip'
Content type 'application/zip' length 549986 bytes (537 KB)
==================================================
downloaded 537 KB

trying URL 'http://cran.rstudio.com/bin/windows/contrib/4.2/farver_2.1.1.zip'
Content type 'application/zip' length 1513162 bytes (1.4 MB)
==================================================
downloaded 1.4 MB

trying URL 'http://cran.rstudio.com/bin/windows/contrib/4.2/labeling_0.4.3.zip'
Content type 'application/zip' length 62528 bytes (61 KB)
==================================================
downloaded 61 KB

trying URL 'http://cran.rstudio.com/bin/windows/contrib/4.2/munsell_0.5.1.zip'
Content type 'application/zip' length 244880 bytes (239 KB)
==================================================
downloaded 239 KB

trying URL 'http://cran.rstudio.com/bin/windows/contrib/4.2/RColorBrewer_1.1-3.zip'
Content type 'application/zip' length 55837 bytes (54 KB)
==================================================
downloaded 54 KB

trying URL 'http://cran.rstudio.com/bin/windows/contrib/4.2/viridisLite_0.4.2.zip'
Content type 'application/zip' length 1300093 bytes (1.2 MB)
==================================================
downloaded 1.2 MB

trying URL 'http://cran.rstudio.com/bin/windows/contrib/4.2/rematch_2.0.0.zip'
Content type 'application/zip' length 19002 bytes (18 KB)
==================================================
downloaded 18 KB

trying URL 'http://cran.rstudio.com/bin/windows/contrib/4.2/askpass_1.2.0.zip'
Content type 'application/zip' length 73612 bytes (71 KB)
==================================================
downloaded 71 KB

trying URL 'http://cran.rstudio.com/bin/windows/contrib/4.2/bit64_4.0.5.zip'
Content type 'application/zip' length 494371 bytes (482 KB)
==================================================
downloaded 482 KB

trying URL 'http://cran.rstudio.com/bin/windows/contrib/4.2/prettyunits_1.2.0.zip'
Content type 'application/zip' length 158014 bytes (154 KB)
==================================================
downloaded 154 KB

trying URL 'http://cran.rstudio.com/bin/windows/contrib/4.2/processx_3.8.4.zip'
Content type 'application/zip' length 679007 bytes (663 KB)
==================================================
downloaded 663 KB

trying URL 'http://cran.rstudio.com/bin/windows/contrib/4.2/xfun_0.43.zip'
Content type 'application/zip' length 483588 bytes (472 KB)
==================================================
downloaded 472 KB

trying URL 'http://cran.rstudio.com/bin/windows/contrib/4.2/yaml_2.3.8.zip'
Content type 'application/zip' length 118945 bytes (116 KB)
==================================================
downloaded 116 KB

trying URL 'http://cran.rstudio.com/bin/windows/contrib/4.2/backports_1.4.1.zip'
Content type 'application/zip' length 102215 bytes (99 KB)
==================================================
downloaded 99 KB

trying URL 'http://cran.rstudio.com/bin/windows/contrib/4.2/generics_0.1.3.zip'
Content type 'application/zip' length 79649 bytes (77 KB)
==================================================
downloaded 77 KB

trying URL 'http://cran.rstudio.com/bin/windows/contrib/4.2/blob_1.2.4.zip'
Content type 'application/zip' length 48563 bytes (47 KB)
==================================================
downloaded 47 KB

trying URL 'http://cran.rstudio.com/bin/windows/contrib/4.2/tidyselect_1.2.1.zip'
Content type 'application/zip' length 225397 bytes (220 KB)
==================================================
downloaded 220 KB

trying URL 'http://cran.rstudio.com/bin/windows/contrib/4.2/vctrs_0.6.5.zip'
Content type 'application/zip' length 1338885 bytes (1.3 MB)
==================================================
downloaded 1.3 MB

trying URL 'http://cran.rstudio.com/bin/windows/contrib/4.2/data.table_1.15.4.zip'
Content type 'application/zip' length 2376392 bytes (2.3 MB)
==================================================
downloaded 2.3 MB

trying URL 'http://cran.rstudio.com/bin/windows/contrib/4.2/isoband_0.2.7.zip'
Content type 'application/zip' length 1960653 bytes (1.9 MB)
==================================================
downloaded 1.9 MB

trying URL 'http://cran.rstudio.com/bin/windows/contrib/4.2/scales_1.3.0.zip'
Content type 'application/zip' length 704715 bytes (688 KB)
==================================================
downloaded 688 KB

trying URL 'http://cran.rstudio.com/bin/windows/contrib/4.2/gargle_1.5.2.zip'
Content type 'application/zip' length 794588 bytes (775 KB)
==================================================
downloaded 775 KB

trying URL 'http://cran.rstudio.com/bin/windows/contrib/4.2/uuid_1.2-0.zip'
Content type 'application/zip' length 51876 bytes (50 KB)
==================================================
downloaded 50 KB

trying URL 'http://cran.rstudio.com/bin/windows/contrib/4.2/cellranger_1.1.0.zip'
Content type 'application/zip' length 104300 bytes (101 KB)
==================================================
downloaded 101 KB

trying URL 'http://cran.rstudio.com/bin/windows/contrib/4.2/curl_5.2.1.zip'
Content type 'application/zip' length 3218120 bytes (3.1 MB)
==================================================
downloaded 3.1 MB

trying URL 'http://cran.rstudio.com/bin/windows/contrib/4.2/ids_1.0.1.zip'
Content type 'application/zip' length 123969 bytes (121 KB)
==================================================
downloaded 121 KB

trying URL 'http://cran.rstudio.com/bin/windows/contrib/4.2/rematch2_2.1.2.zip'
Content type 'application/zip' length 47492 bytes (46 KB)
==================================================
downloaded 46 KB

trying URL 'http://cran.rstudio.com/bin/windows/contrib/4.2/pkgconfig_2.0.3.zip'
Content type 'application/zip' length 22423 bytes (21 KB)
==================================================
downloaded 21 KB

trying URL 'http://cran.rstudio.com/bin/windows/contrib/4.2/openssl_2.1.2.zip'
Content type 'application/zip' length 3191516 bytes (3.0 MB)
==================================================
downloaded 3.0 MB

trying URL 'http://cran.rstudio.com/bin/windows/contrib/4.2/timechange_0.3.0.zip'
Content type 'application/zip' length 497023 bytes (485 KB)
==================================================
downloaded 485 KB

trying URL 'http://cran.rstudio.com/bin/windows/contrib/4.2/fansi_1.0.6.zip'
Content type 'application/zip' length 313553 bytes (306 KB)
==================================================
downloaded 306 KB

trying URL 'http://cran.rstudio.com/bin/windows/contrib/4.2/utf8_1.2.4.zip'
Content type 'application/zip' length 149954 bytes (146 KB)
==================================================
downloaded 146 KB

trying URL 'http://cran.rstudio.com/bin/windows/contrib/4.2/systemfonts_1.0.6.zip'
Content type 'application/zip' length 1540844 bytes (1.5 MB)
==================================================
downloaded 1.5 MB

trying URL 'http://cran.rstudio.com/bin/windows/contrib/4.2/textshaping_0.3.7.zip'
Content type 'application/zip' length 1187903 bytes (1.1 MB)
==================================================
downloaded 1.1 MB

trying URL 'http://cran.rstudio.com/bin/windows/contrib/4.2/clipr_0.8.0.zip'
Content type 'application/zip' length 54735 bytes (53 KB)
==================================================
downloaded 53 KB

trying URL 'http://cran.rstudio.com/bin/windows/contrib/4.2/vroom_1.6.5.zip'
Content type 'application/zip' length 1312409 bytes (1.3 MB)
==================================================
downloaded 1.3 MB

trying URL 'http://cran.rstudio.com/bin/windows/contrib/4.2/tzdb_0.4.0.zip'
Content type 'application/zip' length 1022039 bytes (998 KB)
==================================================
downloaded 998 KB

trying URL 'http://cran.rstudio.com/bin/windows/contrib/4.2/progress_1.2.3.zip'
Content type 'application/zip' length 87828 bytes (85 KB)
==================================================
downloaded 85 KB

trying URL 'http://cran.rstudio.com/bin/windows/contrib/4.2/callr_3.7.6.zip'
Content type 'application/zip' length 460623 bytes (449 KB)
==================================================
downloaded 449 KB

trying URL 'http://cran.rstudio.com/bin/windows/contrib/4.2/selectr_0.4-2.zip'
Content type 'application/zip' length 492034 bytes (480 KB)
==================================================
downloaded 480 KB

trying URL 'http://cran.rstudio.com/bin/windows/contrib/4.2/stringi_1.8.3.zip'
Content type 'application/zip' length 15005973 bytes (14.3 MB)
==================================================
downloaded 14.3 MB

trying URL 'http://cran.rstudio.com/bin/windows/contrib/4.2/conflicted_1.2.0.zip'
Content type 'application/zip' length 57471 bytes (56 KB)
==================================================
downloaded 56 KB

trying URL 'http://cran.rstudio.com/bin/windows/contrib/4.2/dbplyr_2.5.0.zip'
Content type 'application/zip' length 1253555 bytes (1.2 MB)
==================================================
downloaded 1.2 MB

trying URL 'http://cran.rstudio.com/bin/windows/contrib/4.2/dplyr_1.1.4.zip'
Content type 'application/zip' length 1561160 bytes (1.5 MB)
==================================================
downloaded 1.5 MB

trying URL 'http://cran.rstudio.com/bin/windows/contrib/4.2/dtplyr_1.3.1.zip'
Content type 'application/zip' length 355071 bytes (346 KB)
==================================================
downloaded 346 KB

trying URL 'http://cran.rstudio.com/bin/windows/contrib/4.2/forcats_1.0.0.zip'
Content type 'application/zip' length 428892 bytes (418 KB)
==================================================
downloaded 418 KB

trying URL 'http://cran.rstudio.com/bin/windows/contrib/4.2/ggplot2_3.5.1.zip'
Content type 'application/zip' length 4955653 bytes (4.7 MB)
==================================================
downloaded 4.7 MB

trying URL 'http://cran.rstudio.com/bin/windows/contrib/4.2/googledrive_2.1.1.zip'
Content type 'application/zip' length 1897268 bytes (1.8 MB)
==================================================
downloaded 1.8 MB

trying URL 'http://cran.rstudio.com/bin/windows/contrib/4.2/googlesheets4_1.1.1.zip'
Content type 'application/zip' length 514877 bytes (502 KB)
==================================================
downloaded 502 KB

trying URL 'http://cran.rstudio.com/bin/windows/contrib/4.2/haven_2.5.4.zip'
Content type 'application/zip' length 752265 bytes (734 KB)
==================================================
downloaded 734 KB

trying URL 'http://cran.rstudio.com/bin/windows/contrib/4.2/hms_1.1.3.zip'
Content type 'application/zip' length 103408 bytes (100 KB)
==================================================
downloaded 100 KB

trying URL 'http://cran.rstudio.com/bin/windows/contrib/4.2/httr_1.4.7.zip'
Content type 'application/zip' length 486337 bytes (474 KB)
==================================================
downloaded 474 KB

trying URL 'http://cran.rstudio.com/bin/windows/contrib/4.2/lubridate_1.9.3.zip'
Content type 'application/zip' length 946495 bytes (924 KB)
==================================================
downloaded 924 KB

trying URL 'http://cran.rstudio.com/bin/windows/contrib/4.2/modelr_0.1.11.zip'
Content type 'application/zip' length 202750 bytes (197 KB)
==================================================
downloaded 197 KB

trying URL 'http://cran.rstudio.com/bin/windows/contrib/4.2/pillar_1.9.0.zip'
Content type 'application/zip' length 658895 bytes (643 KB)
==================================================
downloaded 643 KB

trying URL 'http://cran.rstudio.com/bin/windows/contrib/4.2/purrr_1.0.2.zip'
Content type 'application/zip' length 500110 bytes (488 KB)
==================================================
downloaded 488 KB

trying URL 'http://cran.rstudio.com/bin/windows/contrib/4.2/ragg_1.3.0.zip'
Content type 'application/zip' length 1894518 bytes (1.8 MB)
==================================================
downloaded 1.8 MB

trying URL 'http://cran.rstudio.com/bin/windows/contrib/4.2/readr_2.1.5.zip'
Content type 'application/zip' length 1157154 bytes (1.1 MB)
==================================================
downloaded 1.1 MB

trying URL 'http://cran.rstudio.com/bin/windows/contrib/4.2/readxl_1.4.3.zip'
Content type 'application/zip' length 1183952 bytes (1.1 MB)
==================================================
downloaded 1.1 MB

trying URL 'http://cran.rstudio.com/bin/windows/contrib/4.2/rvest_1.0.4.zip'
Content type 'application/zip' length 305310 bytes (298 KB)
==================================================
downloaded 298 KB

trying URL 'http://cran.rstudio.com/bin/windows/contrib/4.2/stringr_1.5.1.zip'
Content type 'application/zip' length 318809 bytes (311 KB)
==================================================
downloaded 311 KB

trying URL 'http://cran.rstudio.com/bin/windows/contrib/4.2/tibble_3.2.1.zip'
Content type 'application/zip' length 690091 bytes (673 KB)
==================================================
downloaded 673 KB

trying URL 'http://cran.rstudio.com/bin/windows/contrib/4.2/tidyr_1.3.1.zip'
Content type 'application/zip' length 1267417 bytes (1.2 MB)
==================================================
downloaded 1.2 MB

trying URL 'http://cran.rstudio.com/bin/windows/contrib/4.2/xml2_1.3.6.zip'
Content type 'application/zip' length 1604919 bytes (1.5 MB)
==================================================
downloaded 1.5 MB

trying URL 'http://cran.rstudio.com/bin/windows/contrib/4.2/tidyverse_2.0.0.zip'
Content type 'application/zip' length 430852 bytes (420 KB)
==================================================
downloaded 420 KB

package 'colorspace' successfully unpacked and MD5 sums checked
package 'sys' successfully unpacked and MD5 sums checked
package 'bit' successfully unpacked and MD5 sums checked
package 'ps' successfully unpacked and MD5 sums checked
package 'farver' successfully unpacked and MD5 sums checked
package 'labeling' successfully unpacked and MD5 sums checked
package 'munsell' successfully unpacked and MD5 sums checked
package 'RColorBrewer' successfully unpacked and MD5 sums checked
package 'viridisLite' successfully unpacked and MD5 sums checked
package 'rematch' successfully unpacked and MD5 sums checked
package 'askpass' successfully unpacked and MD5 sums checked
package 'bit64' successfully unpacked and MD5 sums checked
package 'prettyunits' successfully unpacked and MD5 sums checked
package 'processx' successfully unpacked and MD5 sums checked
package 'xfun' successfully unpacked and MD5 sums checked
package 'yaml' successfully unpacked and MD5 sums checked
package 'backports' successfully unpacked and MD5 sums checked
package 'generics' successfully unpacked and MD5 sums checked
package 'blob' successfully unpacked and MD5 sums checked
package 'tidyselect' successfully unpacked and MD5 sums checked
package 'vctrs' successfully unpacked and MD5 sums checked
package 'data.table' successfully unpacked and MD5 sums checked
package 'isoband' successfully unpacked and MD5 sums checked
package 'scales' successfully unpacked and MD5 sums checked
package 'gargle' successfully unpacked and MD5 sums checked
package 'uuid' successfully unpacked and MD5 sums checked
package 'cellranger' successfully unpacked and MD5 sums checked
package 'curl' successfully unpacked and MD5 sums checked
package 'ids' successfully unpacked and MD5 sums checked
package 'rematch2' successfully unpacked and MD5 sums checked
package 'pkgconfig' successfully unpacked and MD5 sums checked
package 'openssl' successfully unpacked and MD5 sums checked
package 'timechange' successfully unpacked and MD5 sums checked
package 'fansi' successfully unpacked and MD5 sums checked
package 'utf8' successfully unpacked and MD5 sums checked
package 'systemfonts' successfully unpacked and MD5 sums checked
package 'textshaping' successfully unpacked and MD5 sums checked
package 'clipr' successfully unpacked and MD5 sums checked
package 'vroom' successfully unpacked and MD5 sums checked
package 'tzdb' successfully unpacked and MD5 sums checked
package 'progress' successfully unpacked and MD5 sums checked
package 'callr' successfully unpacked and MD5 sums checked
package 'selectr' successfully unpacked and MD5 sums checked
package 'stringi' successfully unpacked and MD5 sums checked
package 'conflicted' successfully unpacked and MD5 sums checked
package 'dbplyr' successfully unpacked and MD5 sums checked
package 'dplyr' successfully unpacked and MD5 sums checked
package 'dtplyr' successfully unpacked and MD5 sums checked
package 'forcats' successfully unpacked and MD5 sums checked
package 'ggplot2' successfully unpacked and MD5 sums checked
package 'googledrive' successfully unpacked and MD5 sums checked
package 'googlesheets4' successfully unpacked and MD5 sums checked
package 'haven' successfully unpacked and MD5 sums checked
package 'hms' successfully unpacked and MD5 sums checked
package 'httr' successfully unpacked and MD5 sums checked
package 'lubridate' successfully unpacked and MD5 sums checked
package 'modelr' successfully unpacked and MD5 sums checked
package 'pillar' successfully unpacked and MD5 sums checked
package 'purrr' successfully unpacked and MD5 sums checked
package 'ragg' successfully unpacked and MD5 sums checked
package 'readr' successfully unpacked and MD5 sums checked
package 'readxl' successfully unpacked and MD5 sums checked
package 'rvest' successfully unpacked and MD5 sums checked
package 'stringr' successfully unpacked and MD5 sums checked
package 'tibble' successfully unpacked and MD5 sums checked
package 'tidyr' successfully unpacked and MD5 sums checked
package 'xml2' successfully unpacked and MD5 sums checked
package 'tidyverse' successfully unpacked and MD5 sums checked

The downloaded binary packages are in
	C:\Users\Caitie Mayo\AppData\Local\Temp\RtmpSyO0F9\downloaded_packages
installing the source packages 'evaluate', 'highr', 'tinytex', 'DBI', 'gtable', 'cpp11', 'knitr', 'rmarkdown', 'broom', 'reprex', 'rstudioapi'

trying URL 'http://cran.rstudio.com/src/contrib/evaluate_1.0.1.tar.gz'
Content type 'application/x-gzip' length 34873 bytes (34 KB)
==================================================
downloaded 34 KB

trying URL 'http://cran.rstudio.com/src/contrib/highr_0.11.tar.gz'
Content type 'application/x-gzip' length 13851 bytes (13 KB)
==================================================
downloaded 13 KB

trying URL 'http://cran.rstudio.com/src/contrib/tinytex_0.54.tar.gz'
Content type 'application/x-gzip' length 35584 bytes (34 KB)
==================================================
downloaded 34 KB

trying URL 'http://cran.rstudio.com/src/contrib/DBI_1.2.3.tar.gz'
Content type 'application/x-gzip' length 1137307 bytes (1.1 MB)
==================================================
downloaded 1.1 MB

trying URL 'http://cran.rstudio.com/src/contrib/gtable_0.3.6.tar.gz'
Content type 'application/x-gzip' length 148148 bytes (144 KB)
==================================================
downloaded 144 KB

trying URL 'http://cran.rstudio.com/src/contrib/cpp11_0.5.0.tar.gz'
Content type 'application/x-gzip' length 275693 bytes (269 KB)
==================================================
downloaded 269 KB

trying URL 'http://cran.rstudio.com/src/contrib/knitr_1.49.tar.gz'
Content type 'application/x-gzip' length 545754 bytes (532 KB)
==================================================
downloaded 532 KB

trying URL 'http://cran.rstudio.com/src/contrib/rmarkdown_2.29.tar.gz'
Content type 'application/x-gzip' length 2194660 bytes (2.1 MB)
==================================================
downloaded 2.1 MB

trying URL 'http://cran.rstudio.com/src/contrib/broom_1.0.7.tar.gz'
Content type 'application/x-gzip' length 644384 bytes (629 KB)
==================================================
downloaded 629 KB

trying URL 'http://cran.rstudio.com/src/contrib/reprex_2.1.1.tar.gz'
Content type 'application/x-gzip' length 1089023 bytes (1.0 MB)
==================================================
downloaded 1.0 MB

trying URL 'http://cran.rstudio.com/src/contrib/rstudioapi_0.17.1.tar.gz'
Content type 'application/x-gzip' length 118455 bytes (115 KB)
==================================================
downloaded 115 KB

* installing *source* package 'evaluate' ...
** package 'evaluate' successfully unpacked and MD5 sums checked
** using staged installation
** R
** byte-compile and prepare package for lazy loading
** help
*** installing help indices
** building package indices
** testing if installed package can be loaded from temporary location
** testing if installed package can be loaded from final location
** testing if installed package keeps a record of temporary installation path
* DONE (evaluate)
* installing *source* package 'highr' ...
** package 'highr' successfully unpacked and MD5 sums checked
** using staged installation
** R
** inst
** byte-compile and prepare package for lazy loading
** help
*** installing help indices
** building package indices
** installing vignettes
** testing if installed package can be loaded from temporary location
** testing if installed package can be loaded from final location
** testing if installed package keeps a record of temporary installation path
* DONE (highr)
* installing *source* package 'tinytex' ...
** package 'tinytex' successfully unpacked and MD5 sums checked
** using staged installation
** R
** inst
** byte-compile and prepare package for lazy loading
Error in loadNamespace(j <- i[[1L]], c(lib.loc, .libPaths()), versionCheck = vI[[j]]) : 
  namespace 'xfun' 0.43 is being loaded, but >= 0.48 is required
Calls: <Anonymous> ... namespaceImportFrom -> asNamespace -> loadNamespace
Execution halted
ERROR: lazy loading failed for package 'tinytex'
* removing 'C:/Users/Caitie Mayo/Desktop/Monthly_Reporting/dist/R-Portable/App/R-Portable/library/tinytex'
Warning in utils::install.packages(package, ...) :
  installation of package 'tinytex' had non-zero exit status
* installing *source* package 'DBI' ...
** package 'DBI' successfully unpacked and MD5 sums checked
** using staged installation
** R
** inst
** byte-compile and prepare package for lazy loading
** help
*** installing help indices
*** copying figures
** building package indices
** installing vignettes
** testing if installed package can be loaded from temporary location
** testing if installed package can be loaded from final location
** testing if installed package keeps a record of temporary installation path
* DONE (DBI)
* installing *source* package 'gtable' ...
** package 'gtable' successfully unpacked and MD5 sums checked
** using staged installation
** R
** inst
** byte-compile and prepare package for lazy loading
** help
*** installing help indices
*** copying figures
** building package indices
** installing vignettes
** testing if installed package can be loaded from temporary location
** testing if installed package can be loaded from final location
** testing if installed package keeps a record of temporary installation path
* DONE (gtable)
* installing *source* package 'cpp11' ...
** package 'cpp11' successfully unpacked and MD5 sums checked
** using staged installation
** R
** inst
** byte-compile and prepare package for lazy loading
** help
*** installing help indices
** building package indices
** installing vignettes
** testing if installed package can be loaded from temporary location
** testing if installed package can be loaded from final location
** testing if installed package keeps a record of temporary installation path
* DONE (cpp11)
* installing *source* package 'broom' ...
** package 'broom' successfully unpacked and MD5 sums checked
** using staged installation
** R
** inst
** byte-compile and prepare package for lazy loading
** help
*** installing help indices
*** copying figures
** building package indices
** installing vignettes
** testing if installed package can be loaded from temporary location
** testing if installed package can be loaded from final location
** testing if installed package keeps a record of temporary installation path
* DONE (broom)
* installing *source* package 'rstudioapi' ...
** package 'rstudioapi' successfully unpacked and MD5 sums checked
** using staged installation
** R
** inst
** byte-compile and prepare package for lazy loading
** help
*** installing help indices
*** copying figures
** building package indices
** installing vignettes
** testing if installed package can be loaded from temporary location
** testing if installed package can be loaded from final location
** testing if installed package keeps a record of temporary installation path
* DONE (rstudioapi)
* installing *source* package 'knitr' ...
** package 'knitr' successfully unpacked and MD5 sums checked
** using staged installation
** R
** demo
** inst
** byte-compile and prepare package for lazy loading
Error in loadNamespace(j <- i[[1L]], c(lib.loc, .libPaths()), versionCheck = vI[[j]]) : 
  namespace 'xfun' 0.43 is being loaded, but >= 0.48 is required
Calls: <Anonymous> ... namespaceImportFrom -> asNamespace -> loadNamespace
Execution halted
ERROR: lazy loading failed for package 'knitr'
* removing 'C:/Users/Caitie Mayo/Desktop/Monthly_Reporting/dist/R-Portable/App/R-Portable/library/knitr'
Warning in utils::install.packages(package, ...) :
  installation of package 'knitr' had non-zero exit status
ERROR: dependencies 'knitr', 'tinytex' are not available for package 'rmarkdown'
* removing 'C:/Users/Caitie Mayo/Desktop/Monthly_Reporting/dist/R-Portable/App/R-Portable/library/rmarkdown'
Warning in utils::install.packages(package, ...) :
  installation of package 'rmarkdown' had non-zero exit status
ERROR: dependencies 'knitr', 'rmarkdown' are not available for package 'reprex'
* removing 'C:/Users/Caitie Mayo/Desktop/Monthly_Reporting/dist/R-Portable/App/R-Portable/library/reprex'
Warning in utils::install.packages(package, ...) :
  installation of package 'reprex' had non-zero exit status

The downloaded source packages are in
	'C:\Users\Caitie Mayo\AppData\Local\Temp\RtmpSyO0F9\downloaded_packages'

tidyverse installed
Warning: package 'tidyverse' was built under R version 4.2.3
Warning: package 'ggplot2' was built under R version 4.2.3
Warning: package 'tibble' was built under R version 4.2.3
Warning: package 'tidyr' was built under R version 4.2.3
Warning: package 'readr' was built under R version 4.2.3
Warning: package 'purrr' was built under R version 4.2.3
Warning: package 'dplyr' was built under R version 4.2.3
Warning: package 'stringr' was built under R version 4.2.3
Warning: package 'forcats' was built under R version 4.2.3
Warning: package 'lubridate' was built under R version 4.2.3
Warning: unable to access index for repository http://www.stats.ox.ac.uk/pub/RWin/bin/windows/contrib/4.2:
  cannot open URL 'http://www.stats.ox.ac.uk/pub/RWin/bin/windows/contrib/4.2/PACKAGES'
trying URL 'http://cran.rstudio.com/bin/windows/contrib/4.2/zoo_1.8-12.zip'
Content type 'application/zip' length 1021198 bytes (997 KB)
==================================================
downloaded 997 KB

package 'zoo' successfully unpacked and MD5 sums checked

The downloaded binary packages are in
	C:\Users\Caitie Mayo\AppData\Local\Temp\RtmpSyO0F9\downloaded_packages

zoo installed
Warning: package 'zoo' was built under R version 4.2.3
Warning: unable to access index for repository http://www.stats.ox.ac.uk/pub/RWin/bin/windows/contrib/4.2:
  cannot open URL 'http://www.stats.ox.ac.uk/pub/RWin/bin/windows/contrib/4.2/PACKAGES'

  There is a binary version available but the source version is later:
        binary source needs_compilation
writexl  1.5.0  1.5.1              TRUE

  Binaries will be installed
trying URL 'http://cran.rstudio.com/bin/windows/contrib/4.2/writexl_1.5.0.zip'
Content type 'application/zip' length 202912 bytes (198 KB)
==================================================
downloaded 198 KB

package 'writexl' successfully unpacked and MD5 sums checked

The downloaded binary packages are in
	C:\Users\Caitie Mayo\AppData\Local\Temp\RtmpSyO0F9\downloaded_packages

writexl installed
Warning: package 'writexl' was built under R version 4.2.3
also installing the dependencies 'xfun', 'tinytex', 'knitr', 'rmarkdown', 'htmlwidgets', 'lazyeval', 'crosstalk'

Warning: unable to access index for repository http://www.stats.ox.ac.uk/pub/RWin/bin/windows/contrib/4.2:
  cannot open URL 'http://www.stats.ox.ac.uk/pub/RWin/bin/windows/contrib/4.2/PACKAGES'

  There are binary versions available but the source versions are later:
          binary source needs_compilation
xfun        0.43   0.49              TRUE
tinytex     0.50   0.54             FALSE
knitr       1.46   1.49             FALSE
rmarkdown   2.26   2.29             FALSE

  Binaries will be installed
trying URL 'http://cran.rstudio.com/bin/windows/contrib/4.2/xfun_0.43.zip'
Content type 'application/zip' length 483588 bytes (472 KB)
==================================================
downloaded 472 KB

trying URL 'http://cran.rstudio.com/bin/windows/contrib/4.2/htmlwidgets_1.6.4.zip'
Content type 'application/zip' length 812312 bytes (793 KB)
==================================================
downloaded 793 KB

trying URL 'http://cran.rstudio.com/bin/windows/contrib/4.2/lazyeval_0.2.2.zip'
Content type 'application/zip' length 161280 bytes (157 KB)
==================================================
downloaded 157 KB

trying URL 'http://cran.rstudio.com/bin/windows/contrib/4.2/crosstalk_1.2.1.zip'
Content type 'application/zip' length 412856 bytes (403 KB)
==================================================
downloaded 403 KB

trying URL 'http://cran.rstudio.com/bin/windows/contrib/4.2/plotly_4.10.4.zip'
Content type 'application/zip' length 3258887 bytes (3.1 MB)
==================================================
downloaded 3.1 MB

package 'xfun' successfully unpacked and MD5 sums checked
package 'htmlwidgets' successfully unpacked and MD5 sums checked
package 'lazyeval' successfully unpacked and MD5 sums checked
package 'crosstalk' successfully unpacked and MD5 sums checked
package 'plotly' successfully unpacked and MD5 sums checked

The downloaded binary packages are in
	C:\Users\Caitie Mayo\AppData\Local\Temp\RtmpSyO0F9\downloaded_packages
installing the source packages 'tinytex', 'knitr', 'rmarkdown'

trying URL 'http://cran.rstudio.com/src/contrib/tinytex_0.54.tar.gz'
Content type 'application/x-gzip' length 35584 bytes (34 KB)
==================================================
downloaded 34 KB

trying URL 'http://cran.rstudio.com/src/contrib/knitr_1.49.tar.gz'
Content type 'application/x-gzip' length 545754 bytes (532 KB)
==================================================
downloaded 532 KB

trying URL 'http://cran.rstudio.com/src/contrib/rmarkdown_2.29.tar.gz'
Content type 'application/x-gzip' length 2194660 bytes (2.1 MB)
==================================================
downloaded 2.1 MB

* installing *source* package 'tinytex' ...
** package 'tinytex' successfully unpacked and MD5 sums checked
** using staged installation
** R
** inst
** byte-compile and prepare package for lazy loading
Error in loadNamespace(j <- i[[1L]], c(lib.loc, .libPaths()), versionCheck = vI[[j]]) : 
  namespace 'xfun' 0.43 is being loaded, but >= 0.48 is required
Calls: <Anonymous> ... namespaceImportFrom -> asNamespace -> loadNamespace
Execution halted
ERROR: lazy loading failed for package 'tinytex'
* removing 'C:/Users/Caitie Mayo/Desktop/Monthly_Reporting/dist/R-Portable/App/R-Portable/library/tinytex'
Warning in utils::install.packages(package, ...) :
  installation of package 'tinytex' had non-zero exit status
* installing *source* package 'knitr' ...
** package 'knitr' successfully unpacked and MD5 sums checked
** using staged installation
** R
** demo
** inst
** byte-compile and prepare package for lazy loading
Error in loadNamespace(j <- i[[1L]], c(lib.loc, .libPaths()), versionCheck = vI[[j]]) : 
  namespace 'xfun' 0.43 is being loaded, but >= 0.48 is required
Calls: <Anonymous> ... namespaceImportFrom -> asNamespace -> loadNamespace
Execution halted
ERROR: lazy loading failed for package 'knitr'
* removing 'C:/Users/Caitie Mayo/Desktop/Monthly_Reporting/dist/R-Portable/App/R-Portable/library/knitr'
Warning in utils::install.packages(package, ...) :
  installation of package 'knitr' had non-zero exit status
ERROR: dependencies 'knitr', 'tinytex' are not available for package 'rmarkdown'
* removing 'C:/Users/Caitie Mayo/Desktop/Monthly_Reporting/dist/R-Portable/App/R-Portable/library/rmarkdown'
Warning in utils::install.packages(package, ...) :
  installation of package 'rmarkdown' had non-zero exit status

The downloaded source packages are in
	'C:\Users\Caitie Mayo\AppData\Local\Temp\RtmpSyO0F9\downloaded_packages'

plotly installed
Warning: package 'plotly' was built under R version 4.2.3
Warning: unable to access index for repository http://www.stats.ox.ac.uk/pub/RWin/bin/windows/contrib/4.2:
  cannot open URL 'http://www.stats.ox.ac.uk/pub/RWin/bin/windows/contrib/4.2/PACKAGES'
trying URL 'http://cran.rstudio.com/bin/windows/contrib/4.2/DT_0.33.zip'
Content type 'application/zip' length 2025575 bytes (1.9 MB)
==================================================
downloaded 1.9 MB

package 'DT' successfully unpacked and MD5 sums checked

The downloaded binary packages are in
	C:\Users\Caitie Mayo\AppData\Local\Temp\RtmpSyO0F9\downloaded_packages

DT installed
Warning: package 'DT' was built under R version 4.2.3
also installing the dependencies 'xfun', 'knitr', 'tinytex'

Warning: unable to access index for repository http://www.stats.ox.ac.uk/pub/RWin/bin/windows/contrib/4.2:
  cannot open URL 'http://www.stats.ox.ac.uk/pub/RWin/bin/windows/contrib/4.2/PACKAGES'

  There are binary versions available but the source versions are later:
          binary source needs_compilation
xfun        0.43   0.49              TRUE
knitr       1.46   1.49             FALSE
tinytex     0.50   0.54             FALSE
rmarkdown   2.26   2.29             FALSE

  Binaries will be installed
trying URL 'http://cran.rstudio.com/bin/windows/contrib/4.2/xfun_0.43.zip'
Content type 'application/zip' length 483588 bytes (472 KB)
==================================================
downloaded 472 KB

package 'xfun' successfully unpacked and MD5 sums checked

The downloaded binary packages are in
	C:\Users\Caitie Mayo\AppData\Local\Temp\RtmpSyO0F9\downloaded_packages
installing the source packages 'knitr', 'tinytex', 'rmarkdown'

trying URL 'http://cran.rstudio.com/src/contrib/knitr_1.49.tar.gz'
Content type 'application/x-gzip' length 545754 bytes (532 KB)
==================================================
downloaded 532 KB

trying URL 'http://cran.rstudio.com/src/contrib/tinytex_0.54.tar.gz'
Content type 'application/x-gzip' length 35584 bytes (34 KB)
==================================================
downloaded 34 KB

trying URL 'http://cran.rstudio.com/src/contrib/rmarkdown_2.29.tar.gz'
Content type 'application/x-gzip' length 2194660 bytes (2.1 MB)
==================================================
downloaded 2.1 MB

* installing *source* package 'knitr' ...
** package 'knitr' successfully unpacked and MD5 sums checked
** using staged installation
** R
** demo
** inst
** byte-compile and prepare package for lazy loading
Error in loadNamespace(j <- i[[1L]], c(lib.loc, .libPaths()), versionCheck = vI[[j]]) : 
  namespace 'xfun' 0.43 is being loaded, but >= 0.48 is required
Calls: <Anonymous> ... namespaceImportFrom -> asNamespace -> loadNamespace
Execution halted
ERROR: lazy loading failed for package 'knitr'
* removing 'C:/Users/Caitie Mayo/Desktop/Monthly_Reporting/dist/R-Portable/App/R-Portable/library/knitr'
Warning in utils::install.packages(package, ...) :
  installation of package 'knitr' had non-zero exit status
* installing *source* package 'tinytex' ...
** package 'tinytex' successfully unpacked and MD5 sums checked
** using staged installation
** R
** inst
** byte-compile and prepare package for lazy loading
Error in loadNamespace(j <- i[[1L]], c(lib.loc, .libPaths()), versionCheck = vI[[j]]) : 
  namespace 'xfun' 0.43 is being loaded, but >= 0.48 is required
Calls: <Anonymous> ... namespaceImportFrom -> asNamespace -> loadNamespace
Execution halted
ERROR: lazy loading failed for package 'tinytex'
* removing 'C:/Users/Caitie Mayo/Desktop/Monthly_Reporting/dist/R-Portable/App/R-Portable/library/tinytex'
Warning in utils::install.packages(package, ...) :
  installation of package 'tinytex' had non-zero exit status
ERROR: dependencies 'knitr', 'tinytex' are not available for package 'rmarkdown'
* removing 'C:/Users/Caitie Mayo/Desktop/Monthly_Reporting/dist/R-Portable/App/R-Portable/library/rmarkdown'
Warning in utils::install.packages(package, ...) :
  installation of package 'rmarkdown' had non-zero exit status

The downloaded source packages are in
	'C:\Users\Caitie Mayo\AppData\Local\Temp\RtmpSyO0F9\downloaded_packages'
Warning in p_install(package, character.only = TRUE, ...) : 
Warning in library(package, lib.loc = lib.loc, character.only = TRUE, logical.return = TRUE,  :
  there is no package called 'rmarkdown'
Warning in pacman::p_load(shiny, bslib, bsicons, tidyverse, zoo, ggplot2,  :
  Failed to install/load:
rmarkdown
also installing the dependencies 'xfun', 'knitr', 'tinytex'

Warning: unable to access index for repository http://www.stats.ox.ac.uk/pub/RWin/bin/windows/contrib/4.2:
  cannot open URL 'http://www.stats.ox.ac.uk/pub/RWin/bin/windows/contrib/4.2/PACKAGES'

  There are binary versions available but the source versions are later:
          binary source needs_compilation
xfun        0.43   0.49              TRUE
knitr       1.46   1.49             FALSE
tinytex     0.50   0.54             FALSE
rmarkdown   2.26   2.29             FALSE

  Binaries will be installed
trying URL 'http://cran.rstudio.com/bin/windows/contrib/4.2/xfun_0.43.zip'
Content type 'application/zip' length 483588 bytes (472 KB)
==================================================
downloaded 472 KB

package 'xfun' successfully unpacked and MD5 sums checked

The downloaded binary packages are in
	C:\Users\Caitie Mayo\AppData\Local\Temp\RtmpSyO0F9\downloaded_packages
installing the source packages 'knitr', 'tinytex', 'rmarkdown'

trying URL 'http://cran.rstudio.com/src/contrib/knitr_1.49.tar.gz'
Content type 'application/x-gzip' length 545754 bytes (532 KB)
==================================================
downloaded 532 KB

trying URL 'http://cran.rstudio.com/src/contrib/tinytex_0.54.tar.gz'
Content type 'application/x-gzip' length 35584 bytes (34 KB)
==================================================
downloaded 34 KB

trying URL 'http://cran.rstudio.com/src/contrib/rmarkdown_2.29.tar.gz'
Content type 'application/x-gzip' length 2194660 bytes (2.1 MB)
==================================================
downloaded 2.1 MB

* installing *source* package 'knitr' ...
** package 'knitr' successfully unpacked and MD5 sums checked
** using staged installation
** R
** demo
** inst
** byte-compile and prepare package for lazy loading
Error in loadNamespace(j <- i[[1L]], c(lib.loc, .libPaths()), versionCheck = vI[[j]]) : 
  namespace 'xfun' 0.43 is being loaded, but >= 0.48 is required
Calls: <Anonymous> ... namespaceImportFrom -> asNamespace -> loadNamespace
Execution halted
ERROR: lazy loading failed for package 'knitr'
* removing 'C:/Users/Caitie Mayo/Desktop/Monthly_Reporting/dist/R-Portable/App/R-Portable/library/knitr'
Warning in utils::install.packages(package, ...) :
  installation of package 'knitr' had non-zero exit status
* installing *source* package 'tinytex' ...
** package 'tinytex' successfully unpacked and MD5 sums checked
** using staged installation
** R
** inst
** byte-compile and prepare package for lazy loading
Error in loadNamespace(j <- i[[1L]], c(lib.loc, .libPaths()), versionCheck = vI[[j]]) : 
  namespace 'xfun' 0.43 is being loaded, but >= 0.48 is required
Calls: <Anonymous> ... namespaceImportFrom -> asNamespace -> loadNamespace
Execution halted
ERROR: lazy loading failed for package 'tinytex'
* removing 'C:/Users/Caitie Mayo/Desktop/Monthly_Reporting/dist/R-Portable/App/R-Portable/library/tinytex'
Warning in utils::install.packages(package, ...) :
  installation of package 'tinytex' had non-zero exit status
ERROR: dependencies 'knitr', 'tinytex' are not available for package 'rmarkdown'
* removing 'C:/Users/Caitie Mayo/Desktop/Monthly_Reporting/dist/R-Portable/App/R-Portable/library/rmarkdown'
Warning in utils::install.packages(package, ...) :
  installation of package 'rmarkdown' had non-zero exit status

The downloaded source packages are in
	'C:\Users\Caitie Mayo\AppData\Local\Temp\RtmpSyO0F9\downloaded_packages'
Warning in p_install(package, character.only = TRUE, ...) : 
Warning in library(package, lib.loc = lib.loc, character.only = TRUE, logical.return = TRUE,  :
  there is no package called 'rmarkdown'
Warning in pacman::p_load(shiny, tidyverse, zoo, ggplot2, readxl, writexl,  :
  Failed to install/load:
rmarkdown
Warning: There were 48 warnings in `mutate()`.
The first warning was:
ℹ In argument: `Sprint 40 Improvement By Athlete = min(`Sprint 40`, na.rm =
  TRUE) - head(`Sprint 40`, 1)`.
ℹ In group 1: `Athlete = "Abhimanyu Gokhale Sharma"`.
Caused by warning in `min()`:
! no non-missing arguments to min; returning Inf
ℹ Run `dplyr::last_dplyr_warnings()` to see the 47 remaining warnings.
Warning: There were 4 warnings in `mutate()`.
The first warning was:
ℹ In argument: `Vertical Jump Improvement By Athlete = max(`Vertical Jump`,
  na.rm = TRUE) - head(`Vertical Jump`, 1)`.
Caused by warning in `max()`:
! no non-missing arguments to max; returning -Inf
ℹ Run `dplyr::last_dplyr_warnings()` to see the 3 remaining warnings.
Warning: There were 4 warnings in `mutate()`.
The first warning was:
ℹ In argument: `Vertical Jump Improvement By Athlete = max(`Vertical Jump`,
  na.rm = TRUE) - head(`Vertical Jump`, 1)`.
Caused by warning in `max()`:
! no non-missing arguments to max; returning -Inf
ℹ Run `dplyr::last_dplyr_warnings()` to see the 3 remaining warnings.
Warning: There were 4 warnings in `mutate()`.
The first warning was:
ℹ In argument: `Vertical Jump Improvement By Athlete = max(`Vertical Jump`,
  na.rm = TRUE) - head(`Vertical Jump`, 1)`.
Caused by warning in `max()`:
! no non-missing arguments to max; returning -Inf
ℹ Run `dplyr::last_dplyr_warnings()` to see the 3 remaining warnings.
`summarise()` has grouped output by 'month_group'. You can override using the
`.groups` argument.
`summarise()` has grouped output by 'month_group'. You can override using the
`.groups` argument.
Warning: Removed 4 rows containing non-finite outside the scale range
(`stat_ydensity()`).
Warning: Removed 4 rows containing non-finite outside the scale range
(`stat_boxplot()`).
Warning: There were 32 warnings in `mutate()`.
The first warning was:
ℹ In argument: `across(...)`.
ℹ In group 1: `Athlete = "Ashley Schmitt"`.
Caused by warning in `min()`:
! no non-missing arguments to min; returning Inf
ℹ Run `dplyr::last_dplyr_warnings()` to see the 31 remaining warnings.
Warning: There were 32 warnings in `mutate()`.
The first warning was:
ℹ In argument: `across(...)`.
ℹ In group 1: `Athlete = "Ashley Schmitt"`.
Caused by warning in `min()`:
! no non-missing arguments to min; returning Inf
ℹ Run `dplyr::last_dplyr_warnings()` to see the 31 remaining warnings.
Warning in mean.default(data$Improvements$`Avg. Sprint Improvement`, na.rm = TRUE) :
  argument is not numeric or logical: returning NA
Warning in max(data$curr$age_group[data$curr$Athlete == input$athlete_select],  :
  no non-missing arguments to max; returning -Inf
Warning in max(data$curr$age_group[data$curr$Athlete == input$athlete_select],  :
  no non-missing arguments to max; returning -Inf
`summarise()` has grouped output by 'month_group'. You can override using the
`.groups` argument.
Warning: Error in combine_vars: Faceting variables must have at least one value.
  184: <Anonymous>
  183: signalCondition
  182: signal_abort
  181: rlang::abort
  180: cli::cli_abort
  179: combine_vars
  178: compute_layout
  177: self$facet$compute_layout
  176: setup
  175: layout$setup
  174: ggplot_build.ggplot
  172: print.ggplot
  167: func
  165: f
  164: Reduce
  155: do
  154: hybrid_chain
  126: drawPlot
  112: <reactive:plotObj>
   96: drawReactive
   83: renderFunc
   82: output$group_box_plot
    1: shiny::runApp
Warning: Error in tidyr::pivot_longer: Can't select columns that don't exist.
✖ Column `ymin` doesn't exist.
  136: <Anonymous>
  135: signalCondition
  134: signal_abort
  133: cnd_signal
  132: <Anonymous>
  131: signalCondition
  130: signal_abort
  129: abort
  128: stop_subscript
  127: stop_subscript_oob
  126: <Anonymous>
  125: vctrs::vec_as_location
  124: chr_as_locations
  123: as_indices_impl
  122: as_indices_sel_impl
  121: walk_data_tree
  120: reduce_sels
  119: eval_c
  118: walk_data_tree
  117: vars_select_eval
  114: eval_select_impl
  113: tidyselect::eval_select
  112: build_longer_spec
  111: pivot_longer.data.frame
  109: to_basic.GeomLinerange
  107: layers2traces
  106: gg2list
  105: ggplotly.ggplot
  102: plotly_build.gg
   98: getFromNamespace("prepareWidget", "plotly")
   97: shinyRenderWidget
   96: func
   83: renderFunc
   82: output$group_avg_plot
    1: shiny::runApp
`summarise()` has grouped output by 'month_group'. You can override using the
`.groups` argument.
Warning in max.default(numeric(0), na.rm = TRUE) :
  no non-missing arguments to max; returning -Inf
Warning: There were 8 warnings in `mutate()`.
The first warning was:
ℹ In argument: `across(...)`.
Caused by warning in `max()`:
! no non-missing arguments to max; returning -Inf
ℹ Run `dplyr::last_dplyr_warnings()` to see the 7 remaining warnings.
Warning: There was 1 warning in `filter()`.
ℹ In argument: `month_group == max(month_group, na.rm = FALSE)`.
Caused by warning in `max.default()`:
! no non-missing arguments to max; returning -Inf
Warning in mean.default(data$Improvements$`Avg. Sprint Improvement`, na.rm = TRUE) :
  argument is not numeric or logical: returning NA
^C^C